[0.714s] DEBUG:colcon:Command line arguments: ['/usr/bin/colcon', 'list', '-p', '--base-paths', '/home/jg/jbot22_ws/jbot22']
[0.715s] DEBUG:colcon:Parsed command line arguments: Namespace(allow_overriding=[], base_paths=['/home/jg/jbot22_ws/jbot22'], build_base='build', ignore_user_meta=False, log_base=None, log_level=None, main=<bound method ListVerb.main of <colcon_package_information.verb.list.ListVerb object at 0x7fd9bf669fa0>>, metas=['./colcon.meta'], names_only=False, packages_above=None, packages_above_and_dependencies=None, packages_above_depth=None, packages_end=None, packages_ignore=None, packages_ignore_regex=None, packages_select=None, packages_select_build_failed=False, packages_select_by_dep=None, packages_select_regex=None, packages_select_test_failures=False, packages_skip=None, packages_skip_build_finished=False, packages_skip_by_dep=None, packages_skip_regex=None, packages_skip_test_passed=False, packages_skip_up_to=None, packages_start=None, packages_up_to=None, packages_up_to_regex=None, paths=None, paths_only=True, topological_graph=False, topological_graph_density=False, topological_graph_dot=False, topological_graph_dot_cluster=False, topological_graph_dot_include_skipped=False, topological_graph_legend=False, topological_order=False, verb_extension=<colcon_package_information.verb.list.ListVerb object at 0x7fd9bf669fa0>, verb_name='list', verb_parser=<colcon_defaults.argument_parser.defaults.DefaultArgumentsDecorator object at 0x7fd9bf676e20>)
[0.811s] Level 1:colcon.colcon_core.package_discovery:discover_packages(colcon_meta) check parameters
[0.811s] Level 1:colcon.colcon_core.package_discovery:discover_packages(recursive) check parameters
[0.811s] Level 1:colcon.colcon_core.package_discovery:discover_packages(ignore) check parameters
[0.811s] Level 1:colcon.colcon_core.package_discovery:discover_packages(path) check parameters
[0.811s] Level 1:colcon.colcon_core.package_discovery:discover_packages(recursive) discover
[0.812s] INFO:colcon.colcon_core.package_discovery:Crawling recursively for packages in '/home/jg/jbot22_ws/jbot22'
[0.812s] Level 1:colcon.colcon_core.package_identification:_identify(/home/jg/jbot22_ws/jbot22) by extensions ['ignore', 'ignore_ament_install']
[0.812s] Level 1:colcon.colcon_core.package_identification:_identify(/home/jg/jbot22_ws/jbot22) by extension 'ignore'
[0.816s] Level 1:colcon.colcon_core.package_identification:_identify(/home/jg/jbot22_ws/jbot22) by extension 'ignore_ament_install'
[0.817s] Level 1:colcon.colcon_core.package_identification:_identify(/home/jg/jbot22_ws/jbot22) by extensions ['colcon_pkg']
[0.817s] Level 1:colcon.colcon_core.package_identification:_identify(/home/jg/jbot22_ws/jbot22) by extension 'colcon_pkg'
[0.817s] Level 1:colcon.colcon_core.package_identification:_identify(/home/jg/jbot22_ws/jbot22) by extensions ['colcon_meta']
[0.817s] Level 1:colcon.colcon_core.package_identification:_identify(/home/jg/jbot22_ws/jbot22) by extension 'colcon_meta'
[0.817s] Level 1:colcon.colcon_core.package_identification:_identify(/home/jg/jbot22_ws/jbot22) by extensions ['ros']
[0.817s] Level 1:colcon.colcon_core.package_identification:_identify(/home/jg/jbot22_ws/jbot22) by extension 'ros'
[0.885s] Level 1:colcon.colcon_core.package_identification:_identify(/home/jg/jbot22_ws/jbot22) by extensions ['cmake', 'python']
[0.885s] Level 1:colcon.colcon_core.package_identification:_identify(/home/jg/jbot22_ws/jbot22) by extension 'cmake'
[0.885s] Level 1:colcon.colcon_core.package_identification:_identify(/home/jg/jbot22_ws/jbot22) by extension 'python'
[0.885s] Level 1:colcon.colcon_core.package_identification:_identify(/home/jg/jbot22_ws/jbot22) by extensions ['python_setup_py']
[0.885s] Level 1:colcon.colcon_core.package_identification:_identify(/home/jg/jbot22_ws/jbot22) by extension 'python_setup_py'
[0.886s] Level 1:colcon.colcon_core.package_identification:_identify(/home/jg/jbot22_ws/jbot22/log) by extensions ['ignore', 'ignore_ament_install']
[0.886s] Level 1:colcon.colcon_core.package_identification:_identify(/home/jg/jbot22_ws/jbot22/log) by extension 'ignore'
[0.886s] Level 1:colcon.colcon_core.package_identification:_identify(/home/jg/jbot22_ws/jbot22/log) ignored
[0.886s] Level 1:colcon.colcon_core.package_identification:_identify(/home/jg/jbot22_ws/jbot22/src) by extensions ['ignore', 'ignore_ament_install']
[0.886s] Level 1:colcon.colcon_core.package_identification:_identify(/home/jg/jbot22_ws/jbot22/src) by extension 'ignore'
[0.887s] Level 1:colcon.colcon_core.package_identification:_identify(/home/jg/jbot22_ws/jbot22/src) by extension 'ignore_ament_install'
[0.887s] Level 1:colcon.colcon_core.package_identification:_identify(/home/jg/jbot22_ws/jbot22/src) by extensions ['colcon_pkg']
[0.887s] Level 1:colcon.colcon_core.package_identification:_identify(/home/jg/jbot22_ws/jbot22/src) by extension 'colcon_pkg'
[0.887s] Level 1:colcon.colcon_core.package_identification:_identify(/home/jg/jbot22_ws/jbot22/src) by extensions ['colcon_meta']
[0.887s] Level 1:colcon.colcon_core.package_identification:_identify(/home/jg/jbot22_ws/jbot22/src) by extension 'colcon_meta'
[0.887s] Level 1:colcon.colcon_core.package_identification:_identify(/home/jg/jbot22_ws/jbot22/src) by extensions ['ros']
[0.887s] Level 1:colcon.colcon_core.package_identification:_identify(/home/jg/jbot22_ws/jbot22/src) by extension 'ros'
[0.887s] Level 1:colcon.colcon_core.package_identification:_identify(/home/jg/jbot22_ws/jbot22/src) by extensions ['cmake', 'python']
[0.887s] Level 1:colcon.colcon_core.package_identification:_identify(/home/jg/jbot22_ws/jbot22/src) by extension 'cmake'
[0.887s] Level 1:colcon.colcon_core.package_identification:_identify(/home/jg/jbot22_ws/jbot22/src) by extension 'python'
[0.887s] Level 1:colcon.colcon_core.package_identification:_identify(/home/jg/jbot22_ws/jbot22/src) by extensions ['python_setup_py']
[0.887s] Level 1:colcon.colcon_core.package_identification:_identify(/home/jg/jbot22_ws/jbot22/src) by extension 'python_setup_py'
[0.888s] Level 1:colcon.colcon_core.package_identification:_identify(/home/jg/jbot22_ws/jbot22/src/jbot2) by extensions ['ignore', 'ignore_ament_install']
[0.888s] Level 1:colcon.colcon_core.package_identification:_identify(/home/jg/jbot22_ws/jbot22/src/jbot2) by extension 'ignore'
[0.888s] Level 1:colcon.colcon_core.package_identification:_identify(/home/jg/jbot22_ws/jbot22/src/jbot2) by extension 'ignore_ament_install'
[0.888s] Level 1:colcon.colcon_core.package_identification:_identify(/home/jg/jbot22_ws/jbot22/src/jbot2) by extensions ['colcon_pkg']
[0.888s] Level 1:colcon.colcon_core.package_identification:_identify(/home/jg/jbot22_ws/jbot22/src/jbot2) by extension 'colcon_pkg'
[0.904s] Level 1:colcon.colcon_core.package_identification:_identify(/home/jg/jbot22_ws/jbot22/src/jbot2) by extensions ['colcon_meta']
[0.905s] Level 1:colcon.colcon_core.package_identification:_identify(/home/jg/jbot22_ws/jbot22/src/jbot2) by extension 'colcon_meta'
[0.905s] Level 1:colcon.colcon_core.package_identification:_identify(/home/jg/jbot22_ws/jbot22/src/jbot2) by extensions ['ros']
[0.905s] Level 1:colcon.colcon_core.package_identification:_identify(/home/jg/jbot22_ws/jbot22/src/jbot2) by extension 'ros'
[0.918s] DEBUG:colcon.colcon_core.package_identification:Package '/home/jg/jbot22_ws/jbot22/src/jbot2' with type 'ros.ament_cmake' and name 'jbot2'
[0.918s] Level 1:colcon.colcon_core.package_discovery:discover_packages(recursive) using defaults
